000 84.22648787498474
400 11.369774103164673
401 81.71178889274597
403 93.79772853851318
410 89.4466712474823
416 83.50027847290039
429 103.28712296485901
433 93.41519522666931
434 79.39582204818726
435 91.2992103099823
436 88.82016563415527
437 86.42633771896362
444 78.76928734779358
445 91.25912261009216
447 96.07978892326355
450 51.03952956199646
453 98.38061499595642
454 91.2180404663086
456 96.73349094390869
458 92.12915182113647
459 94.07173609733582
462 90.86129641532898
464 88.59560346603394
465 78.98291540145874
470 96.08482885360718
471 96.24878740310669
473 90.55766940116882
482 91.64294195175171
483 97.71802973747253
999 55.29808807373047
