000 84.83872127532959
400 11.480342626571655
401 81.34945321083069
403 93.46642422676086
410 83.02212023735046
416 84.39849996566772
429 101.60876703262329
433 91.30311155319214
434 79.6923828125
435 88.88568806648254
436 86.08328628540039
437 89.38314843177795
444 78.25445485115051
445 91.26196360588074
447 95.52712845802307
450 51.70502066612244
453 97.72797465324402
454 91.63667464256287
456 96.61783480644226
458 92.15326285362244
459 93.97853231430054
462 90.41593956947327
464 88.79648065567017
465 78.68683767318726
470 96.76700401306152
471 96.17894172668457
473 90.98423480987549
482 96.05320930480957
483 97.01191639900208
999 56.28363919258118
