000 84.28448557853699
400 11.519136190414429
401 82.2254843711853
403 93.7697241306305
410 83.68634557723999
416 84.21170091629028
429 101.82257509231567
433 90.8728187084198
434 77.64446496963501
435 88.54581093788147
436 86.06633472442627
437 90.76179814338684
444 77.7229175567627
445 91.03977346420288
447 97.91694211959839
450 51.24149703979492
453 97.2946994304657
454 92.64082384109497
456 96.39413285255432
458 92.32211256027222
459 94.35489201545715
462 91.78623676300049
464 88.65881395339966
465 78.91422533988953
470 96.05655407905579
471 97.37713742256165
473 92.41164064407349
482 91.95441818237305
483 97.38714599609375
999 56.715696811676025
