000 84.72351837158203
400 11.722470045089722
401 81.86417078971863
403 95.02302980422974
410 83.54876923561096
416 84.0174663066864
429 102.83672022819519
433 91.99611043930054
434 80.04192304611206
435 92.41086721420288
436 86.50289034843445
437 88.65625476837158
444 78.45725464820862
445 90.91067171096802
447 95.5070948600769
450 51.25578451156616
453 99.94557332992554
454 91.82730269432068
456 97.02614045143127
458 93.70073103904724
459 94.58559131622314
462 90.96150135993958
464 89.19323515892029
465 78.67452073097229
470 96.50923418998718
471 98.32512140274048
473 92.01915073394775
482 92.43565058708191
483 96.46313571929932
999 55.20104432106018
