000 85.23647928237915
400 11.764893531799316
401 89.9283995628357
403 95.67361450195312
410 83.4169089794159
416 84.73854303359985
429 105.86492323875427
433 93.39503335952759
434 79.78080987930298
435 89.05332970619202
436 89.39576387405396
437 86.09848737716675
444 78.07497072219849
445 92.37313199043274
447 96.36784482002258
450 51.23022699356079
453 98.7322313785553
454 90.78602409362793
456 98.00262212753296
458 93.82196569442749
459 94.64040493965149
462 91.16501474380493
464 88.81827640533447
465 78.43278384208679
470 96.00491738319397
471 96.85588645935059
473 90.57455134391785
482 91.2469093799591
483 97.7455005645752
999 52.57913112640381
