000 84.37637758255005
400 11.523945093154907
401 82.00096225738525
403 94.74852466583252
410 84.27250027656555
416 83.57770872116089
429 102.1873824596405
433 92.19492101669312
434 80.7063627243042
435 88.30325889587402
436 86.69967007637024
437 88.56541705131531
444 77.86307954788208
445 91.45955443382263
447 96.49597525596619
450 51.760534048080444
453 99.2501609325409
454 91.32949948310852
456 97.5139970779419
458 92.18091297149658
459 101.19542527198792
462 91.51286768913269
464 89.51853346824646
465 78.72549986839294
470 96.26609778404236
471 97.05029726028442
473 90.699392080307
482 93.22254180908203
483 96.43671607971191
999 54.526893854141235
